<?xml version="1.0" encoding="UTF-8"?>
<!-- Generated by org.testng.reporters.JUnitXMLReporter -->
<testsuite hostname="DESKTOP-943CKIU" ignored="0" name="BankingApp Test" tests="4" failures="2" timestamp="2020-08-14T15:35:32 PDT" time="23.446" errors="0">
  <testcase name="loginDDT" time="5.819" classname="com.automationframework.testcases.TC_LoginDDT_002"/>
  <testcase name="loginDDT" time="2.635" classname="com.automationframework.testcases.TC_LoginDDT_002">
    <failure type="java.lang.AssertionError" message="expected [true] but found [false]">
      <![CDATA[java.lang.AssertionError: expected [true] but found [false]
at com.automationframework.testcases.TC_LoginDDT_002.loginDDT(TC_LoginDDT_002.java:38)
at java.util.ArrayList.forEach(ArrayList.java:1257)
... Removed 34 stack frames]]>
    </failure>
  </testcase> <!-- loginDDT -->
  <testcase name="loginDDT" time="2.605" classname="com.automationframework.testcases.TC_LoginDDT_002">
    <failure type="java.lang.AssertionError" message="expected [true] but found [false]">
      <![CDATA[java.lang.AssertionError: expected [true] but found [false]
at com.automationframework.testcases.TC_LoginDDT_002.loginDDT(TC_LoginDDT_002.java:38)
at java.util.ArrayList.forEach(ArrayList.java:1257)
... Removed 34 stack frames]]>
    </failure>
  </testcase> <!-- loginDDT -->
  <testcase name="loginDDT" time="4.688" classname="com.automationframework.testcases.TC_LoginDDT_002"/>
</testsuite> <!-- BankingApp Test -->
